TRACE[2024-01-11 16:05:08.972] send login req :{Login Cert {640 zcl01 zcl123456 -----BEGIN Public key-----
MIIBIjANBgkqhkiG9w0BAQEFAAOCAQ8AMIIBCgKCAQEAtwiIGjsWZItzAiYmL0C36RH/v7EaQN9qq62jhk3+eDubPdzGRHuJCffkiLVFUjwkvRioJP/WmrfRnk5xi6tb+/kLJl3sbY9TJfWpSyxRN0OG/sDc7r3/yyg3q+hbQxcSdg1wUfGM8LjjEJaBnCVrOsDGKcx8uL68AZn6X/ZhxS9bmcUZ6ZPCN7iS0ePdxjOW6upaiK9fvwDhNPeumpP+SlLYZQ3Mt+mzu+e84ujIQY9N7Ry19nSr1jiZ2MhYLkzxa9VClPY3Nfs+LEdlyKrczS6g0jv/umy7fyaHekSUHooKudOI9RmozeCqqW8IqJEdUtdUsP69HcAkE1IEgIpbHwIDAQAB
-----END Public key----- rsa 1701777458000}}  FILE="core.go:164" FUNC=LoginXXX
ERROR[2024-01-11 16:05:08.973] 连接核心服务器错误                                     FILE="main.go:300" FUNC=1
ERROR[2024-01-11 16:05:15.957] 连接核心服务器失败:dial tcp 192.168.17.187:9081: i/o timeout  FILE="main.go:246" FUNC=func1
ERROR[2024-01-11 16:05:15.959] 核心服务器 已经关闭                                    FILE="core.go:94" FUNC=MonitorHandle
ERROR[2024-01-11 16:05:21.976] 重新连接核心服务器失败:dial tcp 192.168.17.187:9081: i/o timeout  FILE="main.go:276" FUNC=func3
ERROR[2024-01-11 16:05:21.976] 核心服务器 已经关闭                                    FILE="core.go:94" FUNC=MonitorHandle
ERROR[2024-01-11 16:05:27.998] 重新连接核心服务器失败:dial tcp 192.168.17.187:9081: i/o timeout  FILE="main.go:276" FUNC=func3
ERROR[2024-01-11 16:05:27.998] 核心服务器 已经关闭                                    FILE="core.go:94" FUNC=MonitorHandle
INFO [2024-01-11 16:05:30.264] ctrl +c  defer close coreserver               FILE="main.go:293" FUNC=func4
TRACE[2024-01-11 16:05:46.347] send login req :{Login Cert {814 zcl01 zcl123456 -----BEGIN Public key-----
MIIBIjANBgkqhkiG9w0BAQEFAAOCAQ8AMIIBCgKCAQEAtwiIGjsWZItzAiYmL0C36RH/v7EaQN9qq62jhk3+eDubPdzGRHuJCffkiLVFUjwkvRioJP/WmrfRnk5xi6tb+/kLJl3sbY9TJfWpSyxRN0OG/sDc7r3/yyg3q+hbQxcSdg1wUfGM8LjjEJaBnCVrOsDGKcx8uL68AZn6X/ZhxS9bmcUZ6ZPCN7iS0ePdxjOW6upaiK9fvwDhNPeumpP+SlLYZQ3Mt+mzu+e84ujIQY9N7Ry19nSr1jiZ2MhYLkzxa9VClPY3Nfs+LEdlyKrczS6g0jv/umy7fyaHekSUHooKudOI9RmozeCqqW8IqJEdUtdUsP69HcAkE1IEgIpbHwIDAQAB
-----END Public key----- rsa 1701777458000}}  FILE="core.go:164" FUNC=LoginXXX
ERROR[2024-01-11 16:05:46.349] 连接核心服务器错误                                     FILE="main.go:300" FUNC=1
INFO [2024-01-11 16:05:49.969] ctrl +c  defer close coreserver               FILE="main.go:293" FUNC=func4
INFO [2024-01-11 16:06:15.655] 连接核心服务器成功                                     FILE="main.go:248" FUNC=func1
INFO [2024-01-11 16:06:15.665] reading coreserver msg                        FILE="core.go:40" FUNC=MonitorHandle
TRACE[2024-01-11 16:06:18.585] send login req :{Login Cert {574 zcl01 zcl123456 -----BEGIN Public key-----
MIIBIjANBgkqhkiG9w0BAQEFAAOCAQ8AMIIBCgKCAQEAtwiIGjsWZItzAiYmL0C36RH/v7EaQN9qq62jhk3+eDubPdzGRHuJCffkiLVFUjwkvRioJP/WmrfRnk5xi6tb+/kLJl3sbY9TJfWpSyxRN0OG/sDc7r3/yyg3q+hbQxcSdg1wUfGM8LjjEJaBnCVrOsDGKcx8uL68AZn6X/ZhxS9bmcUZ6ZPCN7iS0ePdxjOW6upaiK9fvwDhNPeumpP+SlLYZQ3Mt+mzu+e84ujIQY9N7Ry19nSr1jiZ2MhYLkzxa9VClPY3Nfs+LEdlyKrczS6g0jv/umy7fyaHekSUHooKudOI9RmozeCqqW8IqJEdUtdUsP69HcAkE1IEgIpbHwIDAQAB
-----END Public key----- rsa 1701777458000}}  FILE="core.go:164" FUNC=LoginXXX
INFO [2024-01-11 16:06:18.820] read login ret:LoginRet                       FILE="core.go:61" FUNC=MonitorHandle
DEBUG[2024-01-11 16:06:18.829] Login Ret:GDMP0160UdWdZnPr7HH1HZ6NUM9kbW/E3K3/bOaIF4ga/OIV8mFaU4dHvB4UnooAwvI26K2tENNsuLxwCeyh4tN4sPlC/0rcWHLbRUZ/goNMJvO28VZPk2X7G8F5dnRF2NmVUcnViBbqUt2wQaT6UU/XT6i2OVtBRxyOgc2L  FILE="core.go:63" FUNC=MonitorHandle
INFO [2024-01-11 16:06:18.829] 返回信息主:{LoginRet Cert 0  {574 Master}}         FILE="formch.go:100" FUNC=HandleLoginMsgCh
INFO [2024-01-11 16:06:18.831] 私钥落盘成功                                        FILE="formch.go:108" FUNC=HandleLoginMsgCh
DEBUG[2024-01-11 16:06:18.832] 打印ca配置文件路径:D:\workdir\DIMSCA                  FILE="formch.go:109" FUNC=HandleLoginMsgCh
INFO [2024-01-11 16:06:18.834] 更新机器身份成功                                      FILE="formch.go:126" FUNC=HandleLoginMsgCh
INFO [2024-01-11 16:06:18.835] reading coreserver msg                        FILE="core.go:40" FUNC=MonitorHandle
INFO [2024-01-11 16:06:32.085] ctrl +c  defer close coreserver               FILE="main.go:293" FUNC=func4
INFO [2024-01-11 16:09:40.491] 连接核心服务器成功                                     FILE="main.go:248" FUNC=func1
INFO [2024-01-11 16:09:40.495] reading coreserver msg                        FILE="core.go:40" FUNC=MonitorHandle
TRACE[2024-01-11 16:09:43.419] send login req :{Login Cert {566 zcl01 zcl123456 -----BEGIN Public key-----
MIIBIjANBgkqhkiG9w0BAQEFAAOCAQ8AMIIBCgKCAQEAtwiIGjsWZItzAiYmL0C36RH/v7EaQN9qq62jhk3+eDubPdzGRHuJCffkiLVFUjwkvRioJP/WmrfRnk5xi6tb+/kLJl3sbY9TJfWpSyxRN0OG/sDc7r3/yyg3q+hbQxcSdg1wUfGM8LjjEJaBnCVrOsDGKcx8uL68AZn6X/ZhxS9bmcUZ6ZPCN7iS0ePdxjOW6upaiK9fvwDhNPeumpP+SlLYZQ3Mt+mzu+e84ujIQY9N7Ry19nSr1jiZ2MhYLkzxa9VClPY3Nfs+LEdlyKrczS6g0jv/umy7fyaHekSUHooKudOI9RmozeCqqW8IqJEdUtdUsP69HcAkE1IEgIpbHwIDAQAB
-----END Public key----- rsa 1701777458000}}  FILE="core.go:164" FUNC=LoginXXX
INFO [2024-01-11 16:09:43.728] read login ret:LoginRet                       FILE="core.go:61" FUNC=MonitorHandle
INFO [2024-01-11 16:09:43.731] 返回信息主:{LoginRet Cert 0  {566 Master}}         FILE="formch.go:100" FUNC=HandleLoginMsgCh
INFO [2024-01-11 16:09:43.734] 私钥落盘成功                                        FILE="formch.go:108" FUNC=HandleLoginMsgCh
DEBUG[2024-01-11 16:09:43.734] 打印ca配置文件路径:D:\workdir\DIMSCA                  FILE="formch.go:109" FUNC=HandleLoginMsgCh
INFO [2024-01-11 16:09:43.736] 更新机器身份成功                                      FILE="formch.go:126" FUNC=HandleLoginMsgCh
INFO [2024-01-11 16:09:43.736] reading coreserver msg                        FILE="core.go:40" FUNC=MonitorHandle
INFO [2024-01-11 16:11:45.285] ctrl +c  defer close coreserver               FILE="main.go:293" FUNC=func4
INFO [2024-01-11 17:33:48.307] 连接核心服务器成功                                     FILE="main.go:248" FUNC=func1
INFO [2024-01-11 17:33:48.314] reading coreserver msg                        FILE="core.go:40" FUNC=MonitorHandle
TRACE[2024-01-11 17:33:51.233] send login req :{Login Cert {548 zcl01 zcl123456 -----BEGIN Public key-----
MIIBIjANBgkqhkiG9w0BAQEFAAOCAQ8AMIIBCgKCAQEAtwiIGjsWZItzAiYmL0C36RH/v7EaQN9qq62jhk3+eDubPdzGRHuJCffkiLVFUjwkvRioJP/WmrfRnk5xi6tb+/kLJl3sbY9TJfWpSyxRN0OG/sDc7r3/yyg3q+hbQxcSdg1wUfGM8LjjEJaBnCVrOsDGKcx8uL68AZn6X/ZhxS9bmcUZ6ZPCN7iS0ePdxjOW6upaiK9fvwDhNPeumpP+SlLYZQ3Mt+mzu+e84ujIQY9N7Ry19nSr1jiZ2MhYLkzxa9VClPY3Nfs+LEdlyKrczS6g0jv/umy7fyaHekSUHooKudOI9RmozeCqqW8IqJEdUtdUsP69HcAkE1IEgIpbHwIDAQAB
-----END Public key----- rsa 1701777458000}}  FILE="core.go:164" FUNC=LoginXXX
INFO [2024-01-11 17:33:51.445] read login ret:LoginRet                       FILE="core.go:61" FUNC=MonitorHandle
INFO [2024-01-11 17:33:51.446] 返回信息主:{LoginRet Cert 0  {548 Master}}         FILE="formch.go:100" FUNC=HandleLoginMsgCh
INFO [2024-01-11 17:33:51.447] 私钥落盘成功                                        FILE="formch.go:108" FUNC=HandleLoginMsgCh
INFO [2024-01-11 17:33:51.448] 更新机器身份成功                                      FILE="formch.go:125" FUNC=HandleLoginMsgCh
INFO [2024-01-11 17:33:51.448] reading coreserver msg                        FILE="core.go:40" FUNC=MonitorHandle
INFO [2024-01-11 17:33:56.041] ctrl +c  defer close coreserver               FILE="main.go:293" FUNC=func4
INFO [2024-01-11 18:07:11.945] 连接核心服务器成功                                     FILE="main.go:248" FUNC=func1
INFO [2024-01-11 18:07:11.947] reading coreserver msg                        FILE="core.go:40" FUNC=MonitorHandle
TRACE[2024-01-11 18:07:14.869] send login req :{Login Cert {931 zcl01 zcl123456 -----BEGIN Public key-----
MIIBIjANBgkqhkiG9w0BAQEFAAOCAQ8AMIIBCgKCAQEAtwiIGjsWZItzAiYmL0C36RH/v7EaQN9qq62jhk3+eDubPdzGRHuJCffkiLVFUjwkvRioJP/WmrfRnk5xi6tb+/kLJl3sbY9TJfWpSyxRN0OG/sDc7r3/yyg3q+hbQxcSdg1wUfGM8LjjEJaBnCVrOsDGKcx8uL68AZn6X/ZhxS9bmcUZ6ZPCN7iS0ePdxjOW6upaiK9fvwDhNPeumpP+SlLYZQ3Mt+mzu+e84ujIQY9N7Ry19nSr1jiZ2MhYLkzxa9VClPY3Nfs+LEdlyKrczS6g0jv/umy7fyaHekSUHooKudOI9RmozeCqqW8IqJEdUtdUsP69HcAkE1IEgIpbHwIDAQAB
-----END Public key----- rsa 1701777458000}}  FILE="core.go:164" FUNC=LoginXXX
INFO [2024-01-11 18:07:15.092] read login ret:LoginRet                       FILE="core.go:61" FUNC=MonitorHandle
INFO [2024-01-11 18:07:15.101] 返回信息主:{LoginRet Cert 0  {931 Master}}         FILE="formch.go:100" FUNC=HandleLoginMsgCh
INFO [2024-01-11 18:07:15.102] 私钥落盘成功                                        FILE="formch.go:108" FUNC=HandleLoginMsgCh
INFO [2024-01-11 18:07:15.104] 更新机器身份成功                                      FILE="formch.go:125" FUNC=HandleLoginMsgCh
INFO [2024-01-11 18:07:15.104] reading coreserver msg                        FILE="core.go:40" FUNC=MonitorHandle
INFO [2024-01-11 18:07:17.255] ctrl +c  defer close coreserver               FILE="main.go:293" FUNC=func4
INFO [2024-01-11 18:07:36.052] 连接核心服务器成功                                     FILE="main.go:248" FUNC=func1
INFO [2024-01-11 18:07:36.060] reading coreserver msg                        FILE="core.go:40" FUNC=MonitorHandle
INFO [2024-01-11 18:07:39.216] send login req :{Login Cert {531 gongzw gongzw -----BEGIN Public key-----
MIIBIjANBgkqhkiG9w0BAQEFAAOCAQ8AMIIBCgKCAQEArjZoJkMB6oTSKa05Ko42BEEWbg7UfHiNJeDrE0IrHIjFrHO0LVAru8/HPw3Zf0Fx33936tpZ8QmQHItYqJLaQGTr4f/EVql5c8iq0PeSo9tNmY4du5JcgUGRfSCG1M1aWDGPnA4Xsuc43wyxNCdJ6YcXHOhH4Vfgd+S2OEPto8UYSZ7Y5kjF+nfWcdRO6tb2auhBhjGBYgbQ3YCpEGxbaXlB7YeN/3HQ4lBRBd2HoI1fjipZO+Jl8nEFPMhYYZvLVm10Nt/teV9xkSzX75qPnCEx230v7kBzn5MEwVOpK7ZBEdFVYVQj75T6kMm3rynXCKfuQRdS0cb/nDHpIME5GwIDAQAB
-----END Public key----- rsa 1704967659000}}  FILE="core.go:143" FUNC=LoginXXX
INFO [2024-01-11 18:07:46.867] ctrl +c  defer close coreserver               FILE="main.go:293" FUNC=func4
