INFO [2024-02-01 14:07:11.880] 连接核心服务器成功                                     FILE="connect.go:21" FUNC=Connect
INFO [2024-02-01 14:07:11.881] 正在读取核心服务器消息....                               FILE="core.go:29" FUNC=MonitorHandle
TRACE[2024-02-01 14:07:14.892] 数据库有用户公钥,使用最新密钥对进行登录...                       FILE="login.go:56" FUNC=login
DEBUG[2024-02-01 14:07:14.892] 消息总系发送消息:{"Cmd":"Login","Program":"Cert","Payload":{"ID":619,"Username":"zcl01","Password":"zcl123456","PublicKey":"-----BEGIN Public key-----\nMIIBIjANBgkqhkiG9w0BAQEFAAOCAQ8AMIIBCgKCAQEAqoUp5pYCO5tEviBZfjVLa1UpQ+FUvlv9XqTVdfrvrJEzqXtQeGRLg1f0di0hps0f4pmKpVyDdGa6c5JYYe9SU5pNa7OY6O03uKD9FuhRMhQLv32ShOdtrBTK2e1AZdDYUvLCptz6uJtBG5GAsuzKBiM7+5YyEVg3PlI0ORvhc3YPBqir2M2YR2eY+/ErTQcI3sKg+MuiN6xzoam/F7kfRv4KWmT5+68I1tGrjZ4WkjqhKDUk7GLHl062wwVEPLGfBnQlWJPh0F+LEJNiOQKd5HpmOqswo1QiMHDoibI+JD5nUj2SXwWfWklXBzG3IpAW2iQYOqvjUIMGSwZOTTnmDwIDAQAB\n-----END Public key-----","PublicKeyAlgoType":"rsa","TimeStamp":1706273534895}}  FILE="swrapper.go:18" FUNC=Bus
INFO [2024-02-01 14:07:15.113] 接收消息:{"ErrorMsg":"执行成功","Payload":{"ID":619,"Identity":"Slave"},"Cmd":"LoginRet","Program":"Cert","RetCode":888}  FILE="core.go:41" FUNC=MonitorHandle
INFO [2024-02-01 14:07:15.114] 返回信息FAFAFA:{LoginRet Cert 888  {619 Slave}}   FILE="formch.go:100" FUNC=HandleLoginMsgCh
INFO [2024-02-01 14:07:15.115] 密钥对一样，无需重新写入文件                                FILE="utils.go:39" FUNC=WritePem
INFO [2024-02-01 14:07:15.115] 私钥写入文件成功,无需入库:密钥对时间戳:1706273534895:时间戳转日期:2024-01-26 20:52:14  FILE="formch.go:107" FUNC=HandleLoginMsgCh
INFO [2024-02-01 14:07:15.115] 更新机器身份成功                                      FILE="formch.go:113" FUNC=HandleLoginMsgCh
INFO [2024-02-01 14:07:15.115] 正在读取核心服务器消息....                               FILE="core.go:29" FUNC=MonitorHandle
INFO [2024-02-01 14:11:55.237] ctrl +c  defer close coreserver               FILE="daemon.go:25" FUNC=func1
INFO [2024-02-01 14:12:00.478] connect coreServer  success                   FILE="connect.go:21" FUNC=Connect
INFO [2024-02-01 14:12:00.480] reading coreServer  msg....                   FILE="core.go:29" FUNC=MonitorHandle
TRACE[2024-02-01 14:12:03.495] 数据库有用户公钥,使用最新密钥对进行登录...                       FILE="login.go:56" FUNC=login
DEBUG[2024-02-01 14:12:03.495] 消息总系发送消息:{"Cmd":"Login","Program":"Cert","Payload":{"ID":609,"Username":"zcl01","Password":"zcl123456","PublicKey":"-----BEGIN Public key-----\nMIIBIjANBgkqhkiG9w0BAQEFAAOCAQ8AMIIBCgKCAQEAqoUp5pYCO5tEviBZfjVLa1UpQ+FUvlv9XqTVdfrvrJEzqXtQeGRLg1f0di0hps0f4pmKpVyDdGa6c5JYYe9SU5pNa7OY6O03uKD9FuhRMhQLv32ShOdtrBTK2e1AZdDYUvLCptz6uJtBG5GAsuzKBiM7+5YyEVg3PlI0ORvhc3YPBqir2M2YR2eY+/ErTQcI3sKg+MuiN6xzoam/F7kfRv4KWmT5+68I1tGrjZ4WkjqhKDUk7GLHl062wwVEPLGfBnQlWJPh0F+LEJNiOQKd5HpmOqswo1QiMHDoibI+JD5nUj2SXwWfWklXBzG3IpAW2iQYOqvjUIMGSwZOTTnmDwIDAQAB\n-----END Public key-----","PublicKeyAlgoType":"rsa","TimeStamp":1706273534895}}  FILE="swrapper.go:18" FUNC=Bus
INFO [2024-02-01 14:12:03.721] recive coreServer  msg:{"ErrorMsg":"执行成功","Payload":{"ID":609,"Identity":"Slave"},"Cmd":"LoginRet","Program":"Cert","RetCode":888}  FILE="core.go:41" FUNC=MonitorHandle
INFO [2024-02-01 14:12:03.722] 返回信息FAFAFA:{LoginRet Cert 888  {609 Slave}}   FILE="formch.go:100" FUNC=HandleLoginMsgCh
INFO [2024-02-01 14:12:03.723] 密钥对一样，无需重新写入文件                                FILE="utils.go:39" FUNC=WritePem
INFO [2024-02-01 14:12:03.723] 私钥写入文件成功,无需入库:密钥对时间戳:1706273534895:时间戳转日期:2024-01-26 20:52:14  FILE="formch.go:107" FUNC=HandleLoginMsgCh
INFO [2024-02-01 14:12:03.725] 更新机器身份成功                                      FILE="formch.go:113" FUNC=HandleLoginMsgCh
INFO [2024-02-01 14:12:03.725] reading coreServer  msg....                   FILE="core.go:29" FUNC=MonitorHandle
INFO [2024-02-01 14:17:00.481] Write KeepLive Req:{Keep Cert {971 zcl01 200}}  FILE="daemon.go:52" FUNC=func1
INFO [2024-02-01 14:17:00.538] recive coreServer  msg:{"ErrorMsg":"执行成功","Payload":{"ID":971,"TimeStamp":1706768220492},"Cmd":"KeepRet","Program":"Cert","RetCode":0}  FILE="core.go:41" FUNC=MonitorHandle
INFO [2024-02-01 14:17:00.538] reading coreServer  msg....                   FILE="core.go:29" FUNC=MonitorHandle
INFO [2024-02-01 14:21:47.769] ctrl +c  defer close coreserver               FILE="daemon.go:25" FUNC=func1
INFO [2024-02-01 14:21:53.295] connect coreServer  success                   FILE="connect.go:21" FUNC=Connect
INFO [2024-02-01 14:21:53.296] reading coreServer  msg....                   FILE="core.go:29" FUNC=MonitorHandle
TRACE[2024-02-01 14:21:56.309] 数据库有用户公钥,使用最新密钥对进行登录...                       FILE="login.go:56" FUNC=login
DEBUG[2024-02-01 14:21:56.309] 消息总系发送消息:{"Cmd":"Login","Program":"Cert","Payload":{"ID":996,"Username":"zcl01","Password":"zcl123456","PublicKey":"-----BEGIN Public key-----\nMIIBIjANBgkqhkiG9w0BAQEFAAOCAQ8AMIIBCgKCAQEAqoUp5pYCO5tEviBZfjVLa1UpQ+FUvlv9XqTVdfrvrJEzqXtQeGRLg1f0di0hps0f4pmKpVyDdGa6c5JYYe9SU5pNa7OY6O03uKD9FuhRMhQLv32ShOdtrBTK2e1AZdDYUvLCptz6uJtBG5GAsuzKBiM7+5YyEVg3PlI0ORvhc3YPBqir2M2YR2eY+/ErTQcI3sKg+MuiN6xzoam/F7kfRv4KWmT5+68I1tGrjZ4WkjqhKDUk7GLHl062wwVEPLGfBnQlWJPh0F+LEJNiOQKd5HpmOqswo1QiMHDoibI+JD5nUj2SXwWfWklXBzG3IpAW2iQYOqvjUIMGSwZOTTnmDwIDAQAB\n-----END Public key-----","PublicKeyAlgoType":"rsa","TimeStamp":1706273534895}}  FILE="swrapper.go:18" FUNC=Bus
INFO [2024-02-01 14:21:56.528] recive coreServer  msg:{"ErrorMsg":"执行成功","Payload":{"ID":996,"Identity":"Slave"},"Cmd":"LoginRet","Program":"Cert","RetCode":888}  FILE="core.go:41" FUNC=MonitorHandle
INFO [2024-02-01 14:21:56.529] coreServer return  machine IDentity:Slave:888  FILE="formch.go:100" FUNC=HandleLoginMsgCh
INFO [2024-02-01 14:21:56.530] 密钥对一样，无需重新写入文件                                FILE="utils.go:39" FUNC=WritePem
INFO [2024-02-01 14:21:56.530] insert keypair to db  success,keypair timestamp:1706273534895timestamp to date:2024-01-26 20:52:14  FILE="formch.go:107" FUNC=HandleLoginMsgCh
INFO [2024-02-01 14:21:56.531] update machine identity success               FILE="formch.go:113" FUNC=HandleLoginMsgCh
INFO [2024-02-01 14:21:56.531] reading coreServer  msg....                   FILE="core.go:29" FUNC=MonitorHandle
INFO [2024-02-01 14:26:53.301] Write KeepLive Req:{Keep Cert {912 zcl01 200}}  FILE="daemon.go:52" FUNC=func1
INFO [2024-02-01 14:26:53.349] recive coreServer  msg:{"ErrorMsg":"执行成功","Payload":{"ID":912,"TimeStamp":1706768813314},"Cmd":"KeepRet","Program":"Cert","RetCode":0}  FILE="core.go:41" FUNC=MonitorHandle
INFO [2024-02-01 14:26:53.349] reading coreServer  msg....                   FILE="core.go:29" FUNC=MonitorHandle
INFO [2024-02-01 14:27:06.030] ctrl +c  defer close coreserver               FILE="daemon.go:25" FUNC=func1
INFO [2024-02-01 14:27:11.326] connect coreServer  success                   FILE="connect.go:21" FUNC=Connect
INFO [2024-02-01 14:27:11.327] reading coreServer  msg....                   FILE="core.go:29" FUNC=MonitorHandle
TRACE[2024-02-01 14:27:14.332] db has keypair,use latest keypair login...    FILE="login.go:57" FUNC=login
DEBUG[2024-02-01 14:27:14.332] msg bus send msg:{"Cmd":"Login","Program":"Cert","Payload":{"ID":612,"Username":"zcl01","Password":"zcl123456","PublicKey":"-----BEGIN Public key-----\nMIIBIjANBgkqhkiG9w0BAQEFAAOCAQ8AMIIBCgKCAQEAqoUp5pYCO5tEviBZfjVLa1UpQ+FUvlv9XqTVdfrvrJEzqXtQeGRLg1f0di0hps0f4pmKpVyDdGa6c5JYYe9SU5pNa7OY6O03uKD9FuhRMhQLv32ShOdtrBTK2e1AZdDYUvLCptz6uJtBG5GAsuzKBiM7+5YyEVg3PlI0ORvhc3YPBqir2M2YR2eY+/ErTQcI3sKg+MuiN6xzoam/F7kfRv4KWmT5+68I1tGrjZ4WkjqhKDUk7GLHl062wwVEPLGfBnQlWJPh0F+LEJNiOQKd5HpmOqswo1QiMHDoibI+JD5nUj2SXwWfWklXBzG3IpAW2iQYOqvjUIMGSwZOTTnmDwIDAQAB\n-----END Public key-----","PublicKeyAlgoType":"rsa","TimeStamp":1706273534895}}  FILE="swrapper.go:18" FUNC=Bus
INFO [2024-02-01 14:27:14.545] recive coreServer  msg:{"ErrorMsg":"执行成功","Payload":{"ID":612,"Identity":"Slave"},"Cmd":"LoginRet","Program":"Cert","RetCode":888}  FILE="core.go:41" FUNC=MonitorHandle
INFO [2024-02-01 14:27:14.546] coreServer return  machine IDentity:Slave:888  FILE="formch.go:100" FUNC=HandleLoginMsgCh
INFO [2024-02-01 14:27:14.546] 密钥对一样，无需重新写入文件                                FILE="utils.go:39" FUNC=WritePem
INFO [2024-02-01 14:27:14.547] insert keypair to db  success,keypair timestamp:1706273534895 timestamp to date:2024-01-26 20:52:14  FILE="formch.go:107" FUNC=HandleLoginMsgCh
INFO [2024-02-01 14:27:14.548] update machine identity success               FILE="formch.go:113" FUNC=HandleLoginMsgCh
INFO [2024-02-01 14:27:14.549] reading coreServer  msg....                   FILE="core.go:29" FUNC=MonitorHandle
INFO [2024-02-01 14:29:20.214] ctrl +c  defer close coreserver               FILE="daemon.go:25" FUNC=func1
INFO [2024-02-01 14:29:25.946] connect coreServer  success                   FILE="connect.go:21" FUNC=Connect
INFO [2024-02-01 14:29:25.947] reading coreServer  msg....                   FILE="core.go:29" FUNC=MonitorHandle
TRACE[2024-02-01 14:29:28.960] db has keypair,use latest keypair login...    FILE="login.go:57" FUNC=login
DEBUG[2024-02-01 14:29:28.961] msg bus send msg:{"Cmd":"Login","Program":"Cert","Payload":{"ID":760,"Username":"zcl01","Password":"zcl123456","PublicKey":"-----BEGIN Public key-----\nMIIBIjANBgkqhkiG9w0BAQEFAAOCAQ8AMIIBCgKCAQEAqoUp5pYCO5tEviBZfjVLa1UpQ+FUvlv9XqTVdfrvrJEzqXtQeGRLg1f0di0hps0f4pmKpVyDdGa6c5JYYe9SU5pNa7OY6O03uKD9FuhRMhQLv32ShOdtrBTK2e1AZdDYUvLCptz6uJtBG5GAsuzKBiM7+5YyEVg3PlI0ORvhc3YPBqir2M2YR2eY+/ErTQcI3sKg+MuiN6xzoam/F7kfRv4KWmT5+68I1tGrjZ4WkjqhKDUk7GLHl062wwVEPLGfBnQlWJPh0F+LEJNiOQKd5HpmOqswo1QiMHDoibI+JD5nUj2SXwWfWklXBzG3IpAW2iQYOqvjUIMGSwZOTTnmDwIDAQAB\n-----END Public key-----","PublicKeyAlgoType":"rsa","TimeStamp":1706273534895}}  FILE="swrapper.go:18" FUNC=Bus
INFO [2024-02-01 14:29:29.178] recive coreServer  msg:{"ErrorMsg":"执行成功","Payload":{"ID":760,"Identity":"Slave"},"Cmd":"LoginRet","Program":"Cert","RetCode":888}  FILE="core.go:41" FUNC=MonitorHandle
INFO [2024-02-01 14:29:29.179] coreServer return  machine IDentity:Slave:888  FILE="formch.go:100" FUNC=HandleLoginMsgCh
INFO [2024-02-01 14:29:29.181] the keypair is same,not rewrite file          FILE="utils.go:40" FUNC=WritePem
INFO [2024-02-01 14:29:29.181] insert keypair to db  success,keypair timestamp:1706273534895 timestamp to date:2024-01-26 20:52:14  FILE="formch.go:107" FUNC=HandleLoginMsgCh
INFO [2024-02-01 14:29:29.182] update machine identity success               FILE="formch.go:113" FUNC=HandleLoginMsgCh
INFO [2024-02-01 14:29:29.183] reading coreServer  msg....                   FILE="core.go:29" FUNC=MonitorHandle
INFO [2024-02-01 14:34:20.453] ctrl +c  defer close coreserver               FILE="daemon.go:25" FUNC=func1
INFO [2024-02-01 14:34:25.862] connect coreServer  success                   FILE="connect.go:21" FUNC=Connect
INFO [2024-02-01 14:34:25.864] reading coreServer  msg....                   FILE="core.go:29" FUNC=MonitorHandle
TRACE[2024-02-01 14:34:28.870] db has keypair,use latest keypair login...    FILE="login.go:57" FUNC=login
DEBUG[2024-02-01 14:34:28.870] msg bus send msg:{"Cmd":"Login","Program":"Cert","Payload":{"ID":581,"Username":"zcl01","Password":"zcl123456","PublicKey":"-----BEGIN Public key-----\nMIIBIjANBgkqhkiG9w0BAQEFAAOCAQ8AMIIBCgKCAQEAqoUp5pYCO5tEviBZfjVLa1UpQ+FUvlv9XqTVdfrvrJEzqXtQeGRLg1f0di0hps0f4pmKpVyDdGa6c5JYYe9SU5pNa7OY6O03uKD9FuhRMhQLv32ShOdtrBTK2e1AZdDYUvLCptz6uJtBG5GAsuzKBiM7+5YyEVg3PlI0ORvhc3YPBqir2M2YR2eY+/ErTQcI3sKg+MuiN6xzoam/F7kfRv4KWmT5+68I1tGrjZ4WkjqhKDUk7GLHl062wwVEPLGfBnQlWJPh0F+LEJNiOQKd5HpmOqswo1QiMHDoibI+JD5nUj2SXwWfWklXBzG3IpAW2iQYOqvjUIMGSwZOTTnmDwIDAQAB\n-----END Public key-----","PublicKeyAlgoType":"rsa","TimeStamp":1706273534895}}  FILE="swrapper.go:18" FUNC=Bus
INFO [2024-02-01 14:34:29.083] recive coreServer  msg:{"ErrorMsg":"执行成功","Payload":{"ID":581,"Identity":"Slave"},"Cmd":"LoginRet","Program":"Cert","RetCode":888}  FILE="core.go:41" FUNC=MonitorHandle
INFO [2024-02-01 14:34:29.084] coreServer return  machine IDentity:Slave:888  FILE="formch.go:100" FUNC=HandleLoginMsgCh
INFO [2024-02-01 14:34:29.084] the keypair is same,not rewrite file          FILE="utils.go:40" FUNC=WritePem
INFO [2024-02-01 14:34:29.084] insert keypair to db  success,keypair timestamp:1706273534895 timestamp to date:2024-01-26 20:52:14  FILE="formch.go:107" FUNC=HandleLoginMsgCh
INFO [2024-02-01 14:34:29.085] update machine identity success               FILE="formch.go:113" FUNC=HandleLoginMsgCh
INFO [2024-02-01 14:34:29.086] reading coreServer  msg....                   FILE="core.go:29" FUNC=MonitorHandle
INFO [2024-02-01 14:39:25.866] Write KeepLive Req:{Keep Cert {780 zcl01 200}}  FILE="daemon.go:52" FUNC=func1
INFO [2024-02-01 14:39:25.909] recive coreServer  msg:{"ErrorMsg":"执行成功","Payload":{"ID":780,"TimeStamp":1706769565882},"Cmd":"KeepRet","Program":"Cert","RetCode":0}  FILE="core.go:41" FUNC=MonitorHandle
INFO [2024-02-01 14:39:25.910] reading coreServer  msg....                   FILE="core.go:29" FUNC=MonitorHandle
INFO [2024-02-01 14:44:25.874] Write KeepLive Req:{Keep Cert {785 zcl01 200}}  FILE="daemon.go:52" FUNC=func1
INFO [2024-02-01 14:44:25.919] recive coreServer  msg:{"ErrorMsg":"执行成功","Payload":{"ID":785,"TimeStamp":1706769865890},"Cmd":"KeepRet","Program":"Cert","RetCode":0}  FILE="core.go:41" FUNC=MonitorHandle
INFO [2024-02-01 14:44:25.920] reading coreServer  msg....                   FILE="core.go:29" FUNC=MonitorHandle
INFO [2024-02-01 14:49:25.875] Write KeepLive Req:{Keep Cert {977 zcl01 200}}  FILE="daemon.go:52" FUNC=func1
INFO [2024-02-01 14:49:25.918] recive coreServer  msg:{"ErrorMsg":"执行成功","Payload":{"ID":977,"TimeStamp":1706770165893},"Cmd":"KeepRet","Program":"Cert","RetCode":0}  FILE="core.go:41" FUNC=MonitorHandle
INFO [2024-02-01 14:49:25.918] reading coreServer  msg....                   FILE="core.go:29" FUNC=MonitorHandle
INFO [2024-02-01 14:54:25.878] Write KeepLive Req:{Keep Cert {558 zcl01 200}}  FILE="daemon.go:52" FUNC=func1
INFO [2024-02-01 14:54:25.921] recive coreServer  msg:{"ErrorMsg":"执行成功","Payload":{"ID":558,"TimeStamp":1706770465897},"Cmd":"KeepRet","Program":"Cert","RetCode":0}  FILE="core.go:41" FUNC=MonitorHandle
INFO [2024-02-01 14:54:25.922] reading coreServer  msg....                   FILE="core.go:29" FUNC=MonitorHandle
INFO [2024-02-01 14:59:25.887] Write KeepLive Req:{Keep Cert {720 zcl01 200}}  FILE="daemon.go:52" FUNC=func1
INFO [2024-02-01 14:59:25.931] recive coreServer  msg:{"ErrorMsg":"执行成功","Payload":{"ID":720,"TimeStamp":1706770765907},"Cmd":"KeepRet","Program":"Cert","RetCode":0}  FILE="core.go:41" FUNC=MonitorHandle
INFO [2024-02-01 14:59:25.932] reading coreServer  msg....                   FILE="core.go:29" FUNC=MonitorHandle
INFO [2024-02-01 15:04:25.900] Write KeepLive Req:{Keep Cert {624 zcl01 200}}  FILE="daemon.go:52" FUNC=func1
INFO [2024-02-01 15:04:25.955] recive coreServer  msg:{"ErrorMsg":"执行成功","Payload":{"ID":624,"TimeStamp":1706771065921},"Cmd":"KeepRet","Program":"Cert","RetCode":0}  FILE="core.go:41" FUNC=MonitorHandle
INFO [2024-02-01 15:04:25.956] reading coreServer  msg....                   FILE="core.go:29" FUNC=MonitorHandle
INFO [2024-02-01 15:09:25.904] Write KeepLive Req:{Keep Cert {744 zcl01 200}}  FILE="daemon.go:52" FUNC=func1
INFO [2024-02-01 15:09:25.947] recive coreServer  msg:{"ErrorMsg":"执行成功","Payload":{"ID":744,"TimeStamp":1706771365927},"Cmd":"KeepRet","Program":"Cert","RetCode":0}  FILE="core.go:41" FUNC=MonitorHandle
INFO [2024-02-01 15:09:25.948] reading coreServer  msg....                   FILE="core.go:29" FUNC=MonitorHandle
INFO [2024-02-01 15:14:25.912] Write KeepLive Req:{Keep Cert {500 zcl01 200}}  FILE="daemon.go:52" FUNC=func1
INFO [2024-02-01 15:14:25.959] recive coreServer  msg:{"ErrorMsg":"执行成功","Payload":{"ID":500,"TimeStamp":1706771665937},"Cmd":"KeepRet","Program":"Cert","RetCode":0}  FILE="core.go:41" FUNC=MonitorHandle
INFO [2024-02-01 15:14:25.959] reading coreServer  msg....                   FILE="core.go:29" FUNC=MonitorHandle
INFO [2024-02-01 15:16:39.372] ctrl +c  defer close coreserver               FILE="daemon.go:25" FUNC=func1
